<?xml version="1.0" encoding="UTF-8"?>
<testng-results skipped="0" failed="1" ignored="0" total="1" passed="0">
  <reporter-output>
  </reporter-output>
  <suite name="Default suite" duration-ms="24" started-at="2021-12-24T17:16:14Z" finished-at="2021-12-24T17:16:14Z">
    <groups>
    </groups>
    <test name="Default test" duration-ms="24" started-at="2021-12-24T17:16:14Z" finished-at="2021-12-24T17:16:14Z">
      <class name="prRequisition.SbsPr">
        <test-method status="FAIL" signature="sbs(java.lang.String)[pri:0, instance:prRequisition.SbsPr@55b7a4e0]" name="sbs" duration-ms="0" started-at="2021-12-24T22:46:14Z" finished-at="2021-12-24T22:46:14Z">
          <exception class="org.testng.TestNGException">
            <message>
              <![CDATA[Parameter 'Name' is required by @Test on method sbs but has not been marked @Optional or definedin C:\Users\anchaudhary\AppData\Local\Temp\testng-eclipse--1604333318\testng-customsuite.xml]]>
            </message>
            <full-stacktrace>
              <![CDATA[org.testng.TestNGException: Parameter 'Name' is required by @Test on method sbs but has not been marked @Optional or definedin C:\Users\anchaudhary\AppData\Local\Temp\testng-eclipse--1604333318\testng-customsuite.xmlat org.testng.internal.Parameters.createParams(Parameters.java:290)at org.testng.internal.Parameters.createParametersForMethod(Parameters.java:359)at org.testng.internal.Parameters.createParameters(Parameters.java:620)at org.testng.internal.Parameters.handleParameters(Parameters.java:769)at org.testng.internal.ParameterHandler.handleParameters(ParameterHandler.java:49)at org.testng.internal.ParameterHandler.createParameters(ParameterHandler.java:37)at org.testng.internal.Invoker.invokeTestMethods(Invoker.java:914)at org.testng.internal.TestMethodWorker.invokeTestMethods(TestMethodWorker.java:125)at org.testng.internal.TestMethodWorker.run(TestMethodWorker.java:109)at org.testng.TestRunner.privateRun(TestRunner.java:648)at org.testng.TestRunner.run(TestRunner.java:505)at org.testng.SuiteRunner.runTest(SuiteRunner.java:455)at org.testng.SuiteRunner.runSequentially(SuiteRunner.java:450)at org.testng.SuiteRunner.privateRun(SuiteRunner.java:415)at org.testng.SuiteRunner.run(SuiteRunner.java:364)at org.testng.SuiteRunnerWorker.runSuite(SuiteRunnerWorker.java:52)at org.testng.SuiteRunnerWorker.run(SuiteRunnerWorker.java:84)at org.testng.TestNG.runSuitesSequentially(TestNG.java:1187)at org.testng.TestNG.runSuitesLocally(TestNG.java:1116)at org.testng.TestNG.runSuites(TestNG.java:1028)at org.testng.TestNG.run(TestNG.java:996)at org.testng.remote.AbstractRemoteTestNG.run(AbstractRemoteTestNG.java:115)at org.testng.remote.RemoteTestNG.initAndRun(RemoteTestNG.java:251)at org.testng.remote.RemoteTestNG.main(RemoteTestNG.java:77)]]>
            </full-stacktrace>
          </exception> <!-- org.testng.TestNGException -->
          <reporter-output>
          </reporter-output>
        </test-method> <!-- sbs -->
      </class> <!-- prRequisition.SbsPr -->
    </test> <!-- Default test -->
  </suite> <!-- Default suite -->
</testng-results>
