<?xml version="1.0" encoding="UTF-8"?>
<testng-results skipped="0" failed="1" ignored="0" total="1" passed="0">
  <reporter-output>
  </reporter-output>
  <suite name="Suite" duration-ms="19062" started-at="2022-03-04T13:52:11Z" finished-at="2022-03-04T13:52:31Z">
    <groups>
    </groups>
    <test name="Test" duration-ms="19062" started-at="2022-03-04T13:52:11Z" finished-at="2022-03-04T13:52:31Z">
      <class name="invoice.Sbs">
        <test-method status="PASS" signature="startDriver()[pri:0, instance:invoice.Sbs@51e5fc98]" name="startDriver" is-config="true" duration-ms="3759" started-at="2022-03-04T19:22:12Z" finished-at="2022-03-04T19:22:15Z">
          <reporter-output>
          </reporter-output>
        </test-method> <!-- startDriver -->
        <test-method status="FAIL" signature="sbs(java.lang.String)[pri:0, instance:invoice.Sbs@51e5fc98]" name="sbs" duration-ms="15272" started-at="2022-03-04T19:22:15Z" finished-at="2022-03-04T19:22:31Z">
          <params>
            <param index="0">
              <value>
                <![CDATA[TestDataProvideInSBS]]>
              </value>
            </param>
          </params>
          <exception class="org.openqa.selenium.ElementClickInterceptedException">
            <message>
              <![CDATA[element click intercepted: Element <span class="caption" title="...">CHAUDHARY Anmol, Sopra Steria Group</span> is not clickable at point (1777, 23). Other element would receive the click: <div _ngcontent-rhg-c46="" cdktrapfocus="" class="pt-modal-wrapper ng-tns-c46-17 ng-trigger ng-trigger-slideAndFadeInOut" style="transform: translateY(0px);">...</div>  (Session info: chrome=99.0.4844.51)Build info: version: '3.141.59', revision: 'e82be7d358', time: '2018-11-14T08:17:03'System info: host: 'ITEM-S72590', ip: '192.168.16.100', os.name: 'Windows 10', os.arch: 'amd64', os.version: '10.0', java.version: '1.8.0_111'Driver info: org.openqa.selenium.chrome.ChromeDriverCapabilities {acceptInsecureCerts: false, browserName: chrome, browserVersion: 99.0.4844.51, chrome: {chromedriverVersion: 99.0.4844.51 (d537ec02474b5..., userDataDir: C:\Users\ANCHAU~1\AppData\L...}, goog:chromeOptions: {debuggerAddress: localhost:57288}, javascriptEnabled: true, networkConnectionEnabled: false, pageLoadStrategy: normal, platform: WINDOWS, platformName: WINDOWS, proxy: Proxy(), setWindowRect: true, strictFileInteractability: false, timeouts: {implicit: 0, pageLoad: 300000, script: 30000}, unhandledPromptBehavior: dismiss and notify, webauthn:extension:credBlob: true, webauthn:extension:largeBlob: true, webauthn:virtualAuthenticators: true}Session ID: 516bd601aa636b72f5d7cd50f9ef8a22]]>
            </message>
            <full-stacktrace>
              <![CDATA[org.openqa.selenium.ElementClickInterceptedException: element click intercepted: Element <span class="caption" title="...">CHAUDHARY Anmol, Sopra Steria Group</span> is not clickable at point (1777, 23). Other element would receive the click: <div _ngcontent-rhg-c46="" cdktrapfocus="" class="pt-modal-wrapper ng-tns-c46-17 ng-trigger ng-trigger-slideAndFadeInOut" style="transform: translateY(0px);">...</div>  (Session info: chrome=99.0.4844.51)Build info: version: '3.141.59', revision: 'e82be7d358', time: '2018-11-14T08:17:03'System info: host: 'ITEM-S72590', ip: '192.168.16.100', os.name: 'Windows 10', os.arch: 'amd64', os.version: '10.0', java.version: '1.8.0_111'Driver info: org.openqa.selenium.chrome.ChromeDriverCapabilities {acceptInsecureCerts: false, browserName: chrome, browserVersion: 99.0.4844.51, chrome: {chromedriverVersion: 99.0.4844.51 (d537ec02474b5..., userDataDir: C:\Users\ANCHAU~1\AppData\L...}, goog:chromeOptions: {debuggerAddress: localhost:57288}, javascriptEnabled: true, networkConnectionEnabled: false, pageLoadStrategy: normal, platform: WINDOWS, platformName: WINDOWS, proxy: Proxy(), setWindowRect: true, strictFileInteractability: false, timeouts: {implicit: 0, pageLoad: 300000, script: 30000}, unhandledPromptBehavior: dismiss and notify, webauthn:extension:credBlob: true, webauthn:extension:largeBlob: true, webauthn:virtualAuthenticators: true}Session ID: 516bd601aa636b72f5d7cd50f9ef8a22at sun.reflect.NativeConstructorAccessorImpl.newInstance0(Native Method)at sun.reflect.NativeConstructorAccessorImpl.newInstance(NativeConstructorAccessorImpl.java:62)at sun.reflect.DelegatingConstructorAccessorImpl.newInstance(DelegatingConstructorAccessorImpl.java:45)at java.lang.reflect.Constructor.newInstance(Constructor.java:423)at org.openqa.selenium.remote.http.W3CHttpResponseCodec.createException(W3CHttpResponseCodec.java:187)at org.openqa.selenium.remote.http.W3CHttpResponseCodec.decode(W3CHttpResponseCodec.java:122)at org.openqa.selenium.remote.http.W3CHttpResponseCodec.decode(W3CHttpResponseCodec.java:49)at org.openqa.selenium.remote.HttpCommandExecutor.execute(HttpCommandExecutor.java:158)at org.openqa.selenium.remote.service.DriverCommandExecutor.execute(DriverCommandExecutor.java:83)at org.openqa.selenium.remote.RemoteWebDriver.execute(RemoteWebDriver.java:552)at org.openqa.selenium.remote.RemoteWebElement.execute(RemoteWebElement.java:285)at org.openqa.selenium.remote.RemoteWebElement.click(RemoteWebElement.java:84)at pages.LogOut.logout(LogOut.java:40)at invoice.Sbs.sbs(Sbs.java:150)at sun.reflect.NativeMethodAccessorImpl.invoke0(Native Method)at sun.reflect.NativeMethodAccessorImpl.invoke(NativeMethodAccessorImpl.java:62)at sun.reflect.DelegatingMethodAccessorImpl.invoke(DelegatingMethodAccessorImpl.java:43)at java.lang.reflect.Method.invoke(Method.java:498)at org.testng.internal.MethodInvocationHelper.invokeMethod(MethodInvocationHelper.java:124)at org.testng.internal.Invoker.invokeMethod(Invoker.java:571)at org.testng.internal.Invoker.invokeTestMethod(Invoker.java:707)at org.testng.internal.Invoker.invokeTestMethods(Invoker.java:979)at org.testng.internal.TestMethodWorker.invokeTestMethods(TestMethodWorker.java:125)at org.testng.internal.TestMethodWorker.run(TestMethodWorker.java:109)at org.testng.TestRunner.privateRun(TestRunner.java:648)at org.testng.TestRunner.run(TestRunner.java:505)at org.testng.SuiteRunner.runTest(SuiteRunner.java:455)at org.testng.SuiteRunner.runSequentially(SuiteRunner.java:450)at org.testng.SuiteRunner.privateRun(SuiteRunner.java:415)at org.testng.SuiteRunner.run(SuiteRunner.java:364)at org.testng.SuiteRunnerWorker.runSuite(SuiteRunnerWorker.java:52)at org.testng.SuiteRunnerWorker.run(SuiteRunnerWorker.java:84)at org.testng.TestNG.runSuitesSequentially(TestNG.java:1187)at org.testng.TestNG.runSuitesLocally(TestNG.java:1116)at org.testng.TestNG.runSuites(TestNG.java:1028)at org.testng.TestNG.run(TestNG.java:996)at org.apache.maven.surefire.testng.TestNGExecutor.run(TestNGExecutor.java:281)at org.apache.maven.surefire.testng.TestNGXmlTestSuite.execute(TestNGXmlTestSuite.java:75)at org.apache.maven.surefire.testng.TestNGProvider.invoke(TestNGProvider.java:121)at org.apache.maven.surefire.booter.ForkedBooter.invokeProviderInSameClassLoader(ForkedBooter.java:290)at org.apache.maven.surefire.booter.ForkedBooter.runSuitesInProcess(ForkedBooter.java:242)at org.apache.maven.surefire.booter.ForkedBooter.main(ForkedBooter.java:121)]]>
            </full-stacktrace>
          </exception> <!-- org.openqa.selenium.ElementClickInterceptedException -->
          <reporter-output>
          </reporter-output>
        </test-method> <!-- sbs -->
      </class> <!-- invoice.Sbs -->
    </test> <!-- Test -->
  </suite> <!-- Suite -->
</testng-results>
