<?xml version="1.0" encoding="UTF-8"?>
<testng-results skipped="0" failed="0" ignored="0" total="1" passed="1">
  <reporter-output>
  </reporter-output>
  <suite name="Suite" duration-ms="270660" started-at="2022-03-08T13:36:02Z" finished-at="2022-03-08T13:40:33Z">
    <groups>
    </groups>
    <test name="Test" duration-ms="270660" started-at="2022-03-08T13:36:02Z" finished-at="2022-03-08T13:40:33Z">
      <class name="prRequisition.Beleux">
        <test-method status="PASS" signature="startDriver()[pri:0, instance:prRequisition.Beleux@159f197]" name="startDriver" is-config="true" duration-ms="3597" started-at="2022-03-08T19:06:02Z" finished-at="2022-03-08T19:06:06Z">
          <reporter-output>
          </reporter-output>
        </test-method> <!-- startDriver -->
        <test-method status="PASS" signature="sbs(java.lang.String)[pri:0, instance:prRequisition.Beleux@159f197]" name="sbs" duration-ms="267062" started-at="2022-03-08T19:06:06Z" finished-at="2022-03-08T19:10:33Z">
          <params>
            <param index="0">
              <value>
                <![CDATA[TestDataProvideBeleux]]>
              </value>
            </param>
          </params>
          <reporter-output>
          </reporter-output>
        </test-method> <!-- sbs -->
      </class> <!-- prRequisition.Beleux -->
    </test> <!-- Test -->
  </suite> <!-- Suite -->
</testng-results>
