<?xml version="1.0" encoding="UTF-8"?>
<testng-results skipped="0" failed="0" ignored="0" total="1" passed="1">
  <reporter-output>
  </reporter-output>
  <suite name="Suite" duration-ms="468858" started-at="2022-03-14T08:46:12Z" finished-at="2022-03-14T08:54:01Z">
    <groups>
    </groups>
    <test name="Test" duration-ms="468858" started-at="2022-03-14T08:46:12Z" finished-at="2022-03-14T08:54:01Z">
      <class name="prRequisition.Sbs">
        <test-method status="PASS" signature="startDriver()[pri:0, instance:prRequisition.Sbs@7c469c48]" name="startDriver" is-config="true" duration-ms="4189" started-at="2022-03-14T14:16:12Z" finished-at="2022-03-14T14:16:16Z">
          <reporter-output>
          </reporter-output>
        </test-method> <!-- startDriver -->
        <test-method status="PASS" signature="sbs(java.lang.String)[pri:0, instance:prRequisition.Sbs@7c469c48]" name="sbs" duration-ms="463373" started-at="2022-03-14T14:16:16Z" finished-at="2022-03-14T14:24:00Z">
          <params>
            <param index="0">
              <value>
                <![CDATA[TestDataProvideSBS]]>
              </value>
            </param>
          </params>
          <reporter-output>
          </reporter-output>
        </test-method> <!-- sbs -->
        <test-method status="PASS" signature="quitDriver()[pri:0, instance:prRequisition.Sbs@7c469c48]" name="quitDriver" is-config="true" duration-ms="1281" started-at="2022-03-14T14:24:00Z" finished-at="2022-03-14T14:24:01Z">
          <reporter-output>
          </reporter-output>
        </test-method> <!-- quitDriver -->
      </class> <!-- prRequisition.Sbs -->
    </test> <!-- Test -->
  </suite> <!-- Suite -->
</testng-results>
