<?xml version="1.0" encoding="UTF-8"?>
<testng-results skipped="0" failed="0" ignored="0" total="1" passed="1">
  <reporter-output>
  </reporter-output>
  <suite name="Suite" duration-ms="351531" started-at="2022-03-08T18:31:53Z" finished-at="2022-03-08T18:37:45Z">
    <groups>
    </groups>
    <test name="Test" duration-ms="351531" started-at="2022-03-08T18:31:53Z" finished-at="2022-03-08T18:37:45Z">
      <class name="prRequisition.Sbs">
        <test-method status="PASS" signature="startDriver()[pri:0, instance:prRequisition.Sbs@51e5fc98]" name="startDriver" is-config="true" duration-ms="3580" started-at="2022-03-09T00:01:53Z" finished-at="2022-03-09T00:01:57Z">
          <reporter-output>
          </reporter-output>
        </test-method> <!-- startDriver -->
        <test-method status="PASS" signature="sbs(java.lang.String)[pri:0, instance:prRequisition.Sbs@51e5fc98]" name="sbs" duration-ms="347936" started-at="2022-03-09T00:01:57Z" finished-at="2022-03-09T00:07:45Z">
          <params>
            <param index="0">
              <value>
                <![CDATA[TestDataProvideSBS]]>
              </value>
            </param>
          </params>
          <reporter-output>
          </reporter-output>
        </test-method> <!-- sbs -->
      </class> <!-- prRequisition.Sbs -->
    </test> <!-- Test -->
  </suite> <!-- Suite -->
</testng-results>
