<?xml version="1.0" encoding="UTF-8"?>
<testng-results skipped="0" failed="0" ignored="0" total="1" passed="1">
  <reporter-output>
  </reporter-output>
  <suite name="Suite" duration-ms="141669" started-at="2022-01-19T17:31:05Z" finished-at="2022-01-19T17:33:27Z">
    <groups>
    </groups>
    <test name="Test" duration-ms="141669" started-at="2022-01-19T17:31:05Z" finished-at="2022-01-19T17:33:27Z">
      <class name="prRequisition.Sbs">
        <test-method status="PASS" signature="startDriver()[pri:0, instance:prRequisition.Sbs@51e5fc98]" name="startDriver" is-config="true" duration-ms="6266" started-at="2022-01-19T23:01:05Z" finished-at="2022-01-19T23:01:11Z">
          <reporter-output>
          </reporter-output>
        </test-method> <!-- startDriver -->
        <test-method status="PASS" signature="sbs(java.lang.String)[pri:0, instance:prRequisition.Sbs@51e5fc98]" name="sbs" duration-ms="135372" started-at="2022-01-19T23:01:11Z" finished-at="2022-01-19T23:03:27Z">
          <params>
            <param index="0">
              <value>
                <![CDATA[TestDataProvideSBS]]>
              </value>
            </param>
          </params>
          <reporter-output>
          </reporter-output>
        </test-method> <!-- sbs -->
      </class> <!-- prRequisition.Sbs -->
    </test> <!-- Test -->
  </suite> <!-- Suite -->
</testng-results>
