<?xml version="1.0" encoding="UTF-8"?>
<testng-results skipped="0" failed="0" ignored="0" total="1" passed="1">
  <reporter-output>
  </reporter-output>
  <suite name="Suite" duration-ms="47134" started-at="2022-02-25T09:56:07Z" finished-at="2022-02-25T09:56:54Z">
    <groups>
    </groups>
    <test name="Test" duration-ms="47134" started-at="2022-02-25T09:56:07Z" finished-at="2022-02-25T09:56:54Z">
      <class name="invoice.Sbs">
        <test-method status="PASS" signature="startDriver()[pri:0, instance:invoice.Sbs@51e5fc98]" name="startDriver" is-config="true" duration-ms="6908" started-at="2022-02-25T15:26:07Z" finished-at="2022-02-25T15:26:14Z">
          <reporter-output>
          </reporter-output>
        </test-method> <!-- startDriver -->
        <test-method status="PASS" signature="sbs(java.lang.String)[pri:0, instance:invoice.Sbs@51e5fc98]" name="sbs" duration-ms="40201" started-at="2022-02-25T15:26:14Z" finished-at="2022-02-25T15:26:54Z">
          <params>
            <param index="0">
              <value>
                <![CDATA[TestDataProvideInSBS]]>
              </value>
            </param>
          </params>
          <reporter-output>
          </reporter-output>
        </test-method> <!-- sbs -->
      </class> <!-- invoice.Sbs -->
    </test> <!-- Test -->
  </suite> <!-- Suite -->
</testng-results>
