<?xml version="1.0" encoding="UTF-8"?>
<testng-results skipped="0" failed="0" ignored="0" total="1" passed="1">
  <reporter-output>
  </reporter-output>
  <suite name="Suite" duration-ms="68334" started-at="2022-01-27T08:06:18Z" finished-at="2022-01-27T08:07:27Z">
    <groups>
    </groups>
    <test name="Test" duration-ms="68334" started-at="2022-01-27T08:06:18Z" finished-at="2022-01-27T08:07:27Z">
      <class name="invoice.Sbs">
        <test-method status="PASS" signature="startDriver()[pri:0, instance:invoice.Sbs@51e5fc98]" name="startDriver" is-config="true" duration-ms="4415" started-at="2022-01-27T13:36:18Z" finished-at="2022-01-27T13:36:23Z">
          <reporter-output>
          </reporter-output>
        </test-method> <!-- startDriver -->
        <test-method status="PASS" signature="sbs(java.lang.String)[pri:0, instance:invoice.Sbs@51e5fc98]" name="sbs" duration-ms="63896" started-at="2022-01-27T13:36:23Z" finished-at="2022-01-27T13:37:27Z">
          <params>
            <param index="0">
              <value>
                <![CDATA[TestDataProvideInSBS]]>
              </value>
            </param>
          </params>
          <reporter-output>
          </reporter-output>
        </test-method> <!-- sbs -->
      </class> <!-- invoice.Sbs -->
    </test> <!-- Test -->
  </suite> <!-- Suite -->
</testng-results>
