<?xml version="1.0" encoding="UTF-8"?>
<testng-results skipped="0" failed="0" ignored="0" total="1" passed="1">
  <reporter-output>
  </reporter-output>
  <suite name="Suite" duration-ms="141872" started-at="2022-03-08T09:14:15Z" finished-at="2022-03-08T09:16:37Z">
    <groups>
    </groups>
    <test name="Test" duration-ms="141872" started-at="2022-03-08T09:14:15Z" finished-at="2022-03-08T09:16:37Z">
      <class name="prRequisition.Sbs">
        <test-method status="PASS" signature="startDriver()[pri:0, instance:prRequisition.Sbs@5dd6264]" name="startDriver" is-config="true" duration-ms="3942" started-at="2022-03-08T14:44:15Z" finished-at="2022-03-08T14:44:19Z">
          <reporter-output>
          </reporter-output>
        </test-method> <!-- startDriver -->
        <test-method status="PASS" signature="sbs(java.lang.String)[pri:0, instance:prRequisition.Sbs@5dd6264]" name="sbs" duration-ms="137912" started-at="2022-03-08T14:44:19Z" finished-at="2022-03-08T14:46:37Z">
          <params>
            <param index="0">
              <value>
                <![CDATA[TestDataProvideSBS]]>
              </value>
            </param>
          </params>
          <reporter-output>
          </reporter-output>
        </test-method> <!-- sbs -->
      </class> <!-- prRequisition.Sbs -->
    </test> <!-- Test -->
  </suite> <!-- Suite -->
</testng-results>
