<?xml version="1.0" encoding="UTF-8"?>
<!-- Generated by org.testng.reporters.JUnitXMLReporter -->
<testsuite hostname="ITEM-s72590" ignored="0" name="Test" tests="1" failures="1" timestamp="14 Mar 2022 09:08:19 GMT" time="51.692" errors="0">
  <testcase name="sbs" time="47.1" classname="prRequisition.Sbs">
    <failure type="org.openqa.selenium.JavascriptException" message="javascript error: Cannot read properties of null (reading &amp;apos;shadowRoot&amp;apos;)
  (Session info: chrome=99.0.4844.51)
Build info: version: &amp;apos;3.141.59&amp;apos;, revision: &amp;apos;e82be7d358&amp;apos;, time: &amp;apos;2018-11-14T08:17:03&amp;apos;
System info: host: &amp;apos;ITEM-S72590&amp;apos;, ip: &amp;apos;192.168.16.104&amp;apos;, os.name: &amp;apos;Windows 10&amp;apos;, os.arch: &amp;apos;amd64&amp;apos;, os.version: &amp;apos;10.0&amp;apos;, java.version: &amp;apos;1.8.0_111&amp;apos;
Driver info: org.openqa.selenium.chrome.ChromeDriver
Capabilities {acceptInsecureCerts: false, browserName: chrome, browserVersion: 99.0.4844.51, chrome: {chromedriverVersion: 99.0.4844.51 (d537ec02474b5..., userDataDir: C:\Users\ANCHAU~1\AppData\L...}, goog:chromeOptions: {debuggerAddress: localhost:57660}, javascriptEnabled: true, networkConnectionEnabled: false, pageLoadStrategy: normal, platform: WINDOWS, platformName: WINDOWS, proxy: Proxy(), setWindowRect: true, strictFileInteractability: false, timeouts: {implicit: 0, pageLoad: 300000, script: 30000}, unhandledPromptBehavior: dismiss and notify, webauthn:extension:credBlob: true, webauthn:extension:largeBlob: true, webauthn:virtualAuthenticators: true}
Session ID: bc99d3af70577532ecc9784efe8c8ea8">
      <![CDATA[org.openqa.selenium.JavascriptException: javascript error: Cannot read properties of null (reading 'shadowRoot')  (Session info: chrome=99.0.4844.51)Build info: version: '3.141.59', revision: 'e82be7d358', time: '2018-11-14T08:17:03'System info: host: 'ITEM-S72590', ip: '192.168.16.104', os.name: 'Windows 10', os.arch: 'amd64', os.version: '10.0', java.version: '1.8.0_111'Driver info: org.openqa.selenium.chrome.ChromeDriverCapabilities {acceptInsecureCerts: false, browserName: chrome, browserVersion: 99.0.4844.51, chrome: {chromedriverVersion: 99.0.4844.51 (d537ec02474b5..., userDataDir: C:\Users\ANCHAU~1\AppData\L...}, goog:chromeOptions: {debuggerAddress: localhost:57660}, javascriptEnabled: true, networkConnectionEnabled: false, pageLoadStrategy: normal, platform: WINDOWS, platformName: WINDOWS, proxy: Proxy(), setWindowRect: true, strictFileInteractability: false, timeouts: {implicit: 0, pageLoad: 300000, script: 30000}, unhandledPromptBehavior: dismiss and notify, webauthn:extension:credBlob: true, webauthn:extension:largeBlob: true, webauthn:virtualAuthenticators: true}Session ID: bc99d3af70577532ecc9784efe8c8ea8at org.openqa.selenium.remote.http.W3CHttpResponseCodec.createException(W3CHttpResponseCodec.java:187)at org.openqa.selenium.remote.http.W3CHttpResponseCodec.decode(W3CHttpResponseCodec.java:122)at org.openqa.selenium.remote.http.W3CHttpResponseCodec.decode(W3CHttpResponseCodec.java:49)at org.openqa.selenium.remote.HttpCommandExecutor.execute(HttpCommandExecutor.java:158)at org.openqa.selenium.remote.service.DriverCommandExecutor.execute(DriverCommandExecutor.java:83)at org.openqa.selenium.remote.RemoteWebDriver.execute(RemoteWebDriver.java:552)at org.openqa.selenium.remote.RemoteWebDriver.executeScript(RemoteWebDriver.java:489)at pages.LogOut.logout(LogOut.java:39)at prRequisition.Sbs.sbs(Sbs.java:182)... Removed 32 stack frames]]>
    </failure>
  </testcase> <!-- sbs -->
</testsuite> <!-- Test -->
