<?xml version="1.0" encoding="UTF-8"?>
<!-- Generated by org.testng.reporters.JUnitXMLReporter -->
<testsuite hostname="ITEM-s72590" ignored="0" name="Test" tests="1" failures="1" timestamp="04 Mar 2022 13:52:31 GMT" time="19.062" errors="0">
  <testcase name="sbs" time="15.272" classname="invoice.Sbs">
    <failure type="org.openqa.selenium.ElementClickInterceptedException" message="element click intercepted: Element &amp;lt;span class=&amp;quot;caption&amp;quot; title=&amp;quot;...&amp;quot;&amp;gt;CHAUDHARY Anmol, Sopra Steria Group&amp;lt;/span&amp;gt; is not clickable at point (1777, 23). Other element would receive the click: &amp;lt;div _ngcontent-rhg-c46=&amp;quot;&amp;quot; cdktrapfocus=&amp;quot;&amp;quot; class=&amp;quot;pt-modal-wrapper ng-tns-c46-17 ng-trigger ng-trigger-slideAndFadeInOut&amp;quot; style=&amp;quot;transform: translateY(0px);&amp;quot;&amp;gt;...&amp;lt;/div&amp;gt;
  (Session info: chrome=99.0.4844.51)
Build info: version: &amp;apos;3.141.59&amp;apos;, revision: &amp;apos;e82be7d358&amp;apos;, time: &amp;apos;2018-11-14T08:17:03&amp;apos;
System info: host: &amp;apos;ITEM-S72590&amp;apos;, ip: &amp;apos;192.168.16.100&amp;apos;, os.name: &amp;apos;Windows 10&amp;apos;, os.arch: &amp;apos;amd64&amp;apos;, os.version: &amp;apos;10.0&amp;apos;, java.version: &amp;apos;1.8.0_111&amp;apos;
Driver info: org.openqa.selenium.chrome.ChromeDriver
Capabilities {acceptInsecureCerts: false, browserName: chrome, browserVersion: 99.0.4844.51, chrome: {chromedriverVersion: 99.0.4844.51 (d537ec02474b5..., userDataDir: C:\Users\ANCHAU~1\AppData\L...}, goog:chromeOptions: {debuggerAddress: localhost:57288}, javascriptEnabled: true, networkConnectionEnabled: false, pageLoadStrategy: normal, platform: WINDOWS, platformName: WINDOWS, proxy: Proxy(), setWindowRect: true, strictFileInteractability: false, timeouts: {implicit: 0, pageLoad: 300000, script: 30000}, unhandledPromptBehavior: dismiss and notify, webauthn:extension:credBlob: true, webauthn:extension:largeBlob: true, webauthn:virtualAuthenticators: true}
Session ID: 516bd601aa636b72f5d7cd50f9ef8a22">
      <![CDATA[org.openqa.selenium.ElementClickInterceptedException: element click intercepted: Element <span class="caption" title="...">CHAUDHARY Anmol, Sopra Steria Group</span> is not clickable at point (1777, 23). Other element would receive the click: <div _ngcontent-rhg-c46="" cdktrapfocus="" class="pt-modal-wrapper ng-tns-c46-17 ng-trigger ng-trigger-slideAndFadeInOut" style="transform: translateY(0px);">...</div>  (Session info: chrome=99.0.4844.51)Build info: version: '3.141.59', revision: 'e82be7d358', time: '2018-11-14T08:17:03'System info: host: 'ITEM-S72590', ip: '192.168.16.100', os.name: 'Windows 10', os.arch: 'amd64', os.version: '10.0', java.version: '1.8.0_111'Driver info: org.openqa.selenium.chrome.ChromeDriverCapabilities {acceptInsecureCerts: false, browserName: chrome, browserVersion: 99.0.4844.51, chrome: {chromedriverVersion: 99.0.4844.51 (d537ec02474b5..., userDataDir: C:\Users\ANCHAU~1\AppData\L...}, goog:chromeOptions: {debuggerAddress: localhost:57288}, javascriptEnabled: true, networkConnectionEnabled: false, pageLoadStrategy: normal, platform: WINDOWS, platformName: WINDOWS, proxy: Proxy(), setWindowRect: true, strictFileInteractability: false, timeouts: {implicit: 0, pageLoad: 300000, script: 30000}, unhandledPromptBehavior: dismiss and notify, webauthn:extension:credBlob: true, webauthn:extension:largeBlob: true, webauthn:virtualAuthenticators: true}Session ID: 516bd601aa636b72f5d7cd50f9ef8a22at org.openqa.selenium.remote.http.W3CHttpResponseCodec.createException(W3CHttpResponseCodec.java:187)at org.openqa.selenium.remote.http.W3CHttpResponseCodec.decode(W3CHttpResponseCodec.java:122)at org.openqa.selenium.remote.http.W3CHttpResponseCodec.decode(W3CHttpResponseCodec.java:49)at org.openqa.selenium.remote.HttpCommandExecutor.execute(HttpCommandExecutor.java:158)at org.openqa.selenium.remote.service.DriverCommandExecutor.execute(DriverCommandExecutor.java:83)at org.openqa.selenium.remote.RemoteWebDriver.execute(RemoteWebDriver.java:552)at org.openqa.selenium.remote.RemoteWebElement.execute(RemoteWebElement.java:285)at org.openqa.selenium.remote.RemoteWebElement.click(RemoteWebElement.java:84)at pages.LogOut.logout(LogOut.java:40)at invoice.Sbs.sbs(Sbs.java:150)... Removed 32 stack frames]]>
    </failure>
  </testcase> <!-- sbs -->
</testsuite> <!-- Test -->
